[INFO] Scanning for projects...
[WARNING] 
[WARNING] Some problems were encountered while building the effective model for cl.sifire:monitoreo:jar:0.0.1-SNAPSHOT
[WARNING] 'dependencies.dependency.(groupId:artifactId:type:classifier)' must be unique: org.springframework.boot:spring-boot-starter-test:jar -> duplicate declaration of version (?) @ line 73, column 13
[WARNING] 'parent.relativePath' of POM cl.sifire:monitoreo:0.0.1-SNAPSHOT (C:\Users\MatiDroid\Desktop\sifire\sifire-proyect\sifire_back\ms-monitoreo\pom.xml) points at cl.duoc.ser.sotoc:sifire-back-parent instead of org.springframework.boot:spring-boot-starter-parent, please verify your project structure @ line 5, column 13
[WARNING] 
[WARNING] It is highly recommended to fix these problems because they threaten the stability of your build.
[WARNING] 
[WARNING] For this reason, future Maven versions might no longer support building such malformed projects.
[WARNING] 
[INFO] 
[INFO] ------------------------< cl.sifire:monitoreo >-------------------------
[INFO] Building ms-monitoreo 0.0.1-SNAPSHOT
[INFO]   from pom.xml
[INFO] --------------------------------[ jar ]---------------------------------
[INFO] 
[INFO] >>> spring-boot:3.2.5:run (default-cli) > test-compile @ monitoreo >>>
[INFO] 
[INFO] --- resources:3.3.1:resources (default-resources) @ monitoreo ---
[INFO] Copying 1 resource from src\main\resources to target\classes
[INFO] Copying 1 resource from src\main\resources to target\classes
[INFO] 
[INFO] --- compiler:3.11.0:compile (default-compile) @ monitoreo ---
[INFO] Nothing to compile - all classes are up to date
[INFO] 
[INFO] --- resources:3.3.1:testResources (default-testResources) @ monitoreo ---
[INFO] Copying 1 resource from src\test\resources to target\test-classes
[INFO] 
[INFO] --- compiler:3.11.0:testCompile (default-testCompile) @ monitoreo ---
[INFO] Nothing to compile - all classes are up to date
[INFO] 
[INFO] <<< spring-boot:3.2.5:run (default-cli) < test-compile @ monitoreo <<<
[INFO] 
[INFO] 
[INFO] --- spring-boot:3.2.5:run (default-cli) @ monitoreo ---
[INFO] Attaching agents: []

  .   ____          _            __ _ _
 /\\ / ___'_ __ _ _(_)_ __  __ _ \ \ \ \
( ( )\___ | '_ | '_| | '_ \/ _` | \ \ \ \
 \\/  ___)| |_)| | | | | || (_| |  ) ) ) )
  '  |____| .__|_| |_|_| |_\__, | / / / /
 =========|_|==============|___/=/_/_/_/
 :: Spring Boot ::                (v3.2.5)

2026-05-23T11:31:37.335-04:00  INFO 148808 --- [ms-monitoreo] [           main] c.sifire.monitoreo.MonitoreoApplication  : Starting MonitoreoApplication using Java 21.0.10 with PID 148808 (C:\Users\MatiDroid\Desktop\sifire\sifire-proyect\sifire_back\ms-monitoreo\target\classes started by MatiDroid in C:\Users\MatiDroid\Desktop\sifire\sifire-proyect\sifire_back\ms-monitoreo)
2026-05-23T11:31:37.340-04:00  INFO 148808 --- [ms-monitoreo] [           main] c.sifire.monitoreo.MonitoreoApplication  : No active profile set, falling back to 1 default profile: "default"
2026-05-23T11:31:38.480-04:00  INFO 148808 --- [ms-monitoreo] [           main] .s.d.r.c.RepositoryConfigurationDelegate : Bootstrapping Spring Data JPA repositories in DEFAULT mode.
2026-05-23T11:31:38.691-04:00  INFO 148808 --- [ms-monitoreo] [           main] .s.d.r.c.RepositoryConfigurationDelegate : Finished Spring Data repository scanning in 200 ms. Found 4 JPA repository interfaces.
2026-05-23T11:31:39.056-04:00  INFO 148808 --- [ms-monitoreo] [           main] o.s.cloud.context.scope.GenericScope     : BeanFactory id=e6648c37-d83f-39cb-b053-7f7a095f4dbd
2026-05-23T11:31:39.346-04:00  WARN 148808 --- [ms-monitoreo] [           main] trationDelegate$BeanPostProcessorChecker : Bean 'org.springframework.cloud.client.loadbalancer.LoadBalancerAutoConfiguration$DeferringLoadBalancerInterceptorConfig' of type [org.springframework.cloud.client.loadbalancer.LoadBalancerAutoConfiguration$DeferringLoadBalancerInterceptorConfig] is not eligible for getting processed by all BeanPostProcessors (for example: not eligible for auto-proxying). The currently created BeanPostProcessor [lbRestClientPostProcessor] is declared through a non-static factory method on that class; consider declaring it as static instead.
2026-05-23T11:31:39.350-04:00  WARN 148808 --- [ms-monitoreo] [           main] trationDelegate$BeanPostProcessorChecker : Bean 'deferringLoadBalancerInterceptor' of type [org.springframework.cloud.client.loadbalancer.DeferringLoadBalancerInterceptor] is not eligible for getting processed by all BeanPostProcessors (for example: not eligible for auto-proxying). Is this bean getting eagerly injected into a currently created BeanPostProcessor [lbRestClientPostProcessor]? Check the corresponding BeanPostProcessor declaration and its dependencies.
2026-05-23T11:31:39.758-04:00  INFO 148808 --- [ms-monitoreo] [           main] o.s.b.w.embedded.tomcat.TomcatWebServer  : Tomcat initialized with port 8083 (http)
2026-05-23T11:31:39.773-04:00  INFO 148808 --- [ms-monitoreo] [           main] o.apache.catalina.core.StandardService   : Starting service [Tomcat]
2026-05-23T11:31:39.775-04:00  INFO 148808 --- [ms-monitoreo] [           main] o.apache.catalina.core.StandardEngine    : Starting Servlet engine: [Apache Tomcat/10.1.20]
2026-05-23T11:31:39.870-04:00  INFO 148808 --- [ms-monitoreo] [           main] o.a.c.c.C.[Tomcat].[localhost].[/]       : Initializing Spring embedded WebApplicationContext
2026-05-23T11:31:39.872-04:00  INFO 148808 --- [ms-monitoreo] [           main] w.s.c.ServletWebServerApplicationContext : Root WebApplicationContext: initialization completed in 2472 ms
2026-05-23T11:31:40.060-04:00  INFO 148808 --- [ms-monitoreo] [           main] com.zaxxer.hikari.HikariDataSource       : HikariPool-1 - Starting...
2026-05-23T11:31:40.225-04:00  INFO 148808 --- [ms-monitoreo] [           main] com.zaxxer.hikari.pool.HikariPool        : HikariPool-1 - Added connection com.mysql.cj.jdbc.ConnectionImpl@7e8f23ad
2026-05-23T11:31:40.226-04:00  INFO 148808 --- [ms-monitoreo] [           main] com.zaxxer.hikari.HikariDataSource       : HikariPool-1 - Start completed.
2026-05-23T11:31:40.315-04:00  INFO 148808 --- [ms-monitoreo] [           main] o.f.c.internal.license.VersionPrinter    : Flyway Community Edition 9.22.3 by Redgate
2026-05-23T11:31:40.315-04:00  INFO 148808 --- [ms-monitoreo] [           main] o.f.c.internal.license.VersionPrinter    : See release notes here: https://rd.gt/416ObMi
2026-05-23T11:31:40.315-04:00  INFO 148808 --- [ms-monitoreo] [           main] o.f.c.internal.license.VersionPrinter    : 
2026-05-23T11:31:40.375-04:00  INFO 148808 --- [ms-monitoreo] [           main] org.flywaydb.core.FlywayExecutor         : Database: jdbc:mysql://localhost:3306/sifire_monitoreo (MySQL 5.5)
2026-05-23T11:31:40.445-04:00  INFO 148808 --- [ms-monitoreo] [           main] o.f.core.internal.command.DbValidate     : Successfully validated 2 migrations (execution time 00:00.039s)
2026-05-23T11:31:40.457-04:00  INFO 148808 --- [ms-monitoreo] [           main] o.f.core.internal.command.DbMigrate      : Current version of schema `sifire_monitoreo`: 1
2026-05-23T11:31:40.461-04:00  INFO 148808 --- [ms-monitoreo] [           main] o.f.core.internal.command.DbMigrate      : Schema `sifire_monitoreo` is up to date. No migration necessary.
2026-05-23T11:31:40.597-04:00  INFO 148808 --- [ms-monitoreo] [           main] o.hibernate.jpa.internal.util.LogHelper  : HHH000204: Processing PersistenceUnitInfo [name: default]
2026-05-23T11:31:40.668-04:00  INFO 148808 --- [ms-monitoreo] [           main] org.hibernate.Version                    : HHH000412: Hibernate ORM core version 6.4.4.Final
2026-05-23T11:31:40.705-04:00  INFO 148808 --- [ms-monitoreo] [           main] o.h.c.internal.RegionFactoryInitiator    : HHH000026: Second-level cache disabled
2026-05-23T11:31:40.936-04:00  INFO 148808 --- [ms-monitoreo] [           main] o.s.o.j.p.SpringPersistenceUnitInfo      : No LoadTimeWeaver setup: ignoring JPA class transformer
2026-05-23T11:31:40.986-04:00  WARN 148808 --- [ms-monitoreo] [           main] org.hibernate.dialect.Dialect            : HHH000511: The 5.5.0 version for [org.hibernate.dialect.MySQLDialect] is no longer supported, hence certain features may not work properly. The minimum supported version is 8.0.0. Check the community dialects project for available legacy versions.
2026-05-23T11:31:40.991-04:00  WARN 148808 --- [ms-monitoreo] [           main] org.hibernate.orm.deprecation            : HHH90000025: MySQLDialect does not need to be specified explicitly using 'hibernate.dialect' (remove the property setting and it will be selected by default)
2026-05-23T11:31:41.867-04:00  INFO 148808 --- [ms-monitoreo] [           main] o.h.e.t.j.p.i.JtaPlatformInitiator       : HHH000489: No JTA platform available (set 'hibernate.transaction.jta.platform' to enable JTA platform integration)
2026-05-23T11:31:42.019-04:00  INFO 148808 --- [ms-monitoreo] [           main] j.LocalContainerEntityManagerFactoryBean : Initialized JPA EntityManagerFactory for persistence unit 'default'
2026-05-23T11:31:42.857-04:00  WARN 148808 --- [ms-monitoreo] [           main] JpaBaseConfiguration$JpaWebConfiguration : spring.jpa.open-in-view is enabled by default. Therefore, database queries may be performed during view rendering. Explicitly configure spring.jpa.open-in-view to disable this warning
2026-05-23T11:31:44.217-04:00  INFO 148808 --- [ms-monitoreo] [           main] DiscoveryClientOptionalArgsConfiguration : Eureka HTTP Client uses RestTemplate.
2026-05-23T11:31:44.349-04:00  WARN 148808 --- [ms-monitoreo] [           main] iguration$LoadBalancerCaffeineWarnLogger : Spring Cloud LoadBalancer is currently working with the default cache. While this cache implementation is useful for development and tests, it's recommended to use Caffeine cache in production.You can switch to using Caffeine cache, by adding it and org.springframework.cache.caffeine.CaffeineCacheManager to the classpath.
2026-05-23T11:31:44.398-04:00  INFO 148808 --- [ms-monitoreo] [           main] o.s.b.w.embedded.tomcat.TomcatWebServer  : Tomcat started on port 8083 (http) with context path ''
2026-05-23T11:31:44.415-04:00  INFO 148808 --- [ms-monitoreo] [           main] c.sifire.monitoreo.MonitoreoApplication  : Started MonitoreoApplication in 7.654 seconds (process running for 8.232)
2026-05-23T11:38:27.223-04:00  INFO 148808 --- [ms-monitoreo] [nio-8083-exec-1] o.a.c.c.C.[Tomcat].[localhost].[/]       : Initializing Spring DispatcherServlet 'dispatcherServlet'
2026-05-23T11:38:27.223-04:00  INFO 148808 --- [ms-monitoreo] [nio-8083-exec-1] o.s.web.servlet.DispatcherServlet        : Initializing Servlet 'dispatcherServlet'
2026-05-23T11:38:27.225-04:00  INFO 148808 --- [ms-monitoreo] [nio-8083-exec-1] o.s.web.servlet.DispatcherServlet        : Completed initialization in 2 ms
Hibernate: select b1_0.id,b1_0.estado,b1_0.latitud,b1_0.longitud,b1_0.nombre,b1_0.tipo from brigada b1_0
Hibernate: select b1_0.id,b1_0.estado,b1_0.latitud,b1_0.longitud,b1_0.nombre,b1_0.tipo from brigada b1_0
Hibernate: select b1_0.id,b1_0.estado,b1_0.latitud,b1_0.longitud,b1_0.nombre,b1_0.tipo from brigada b1_0
Hibernate: select b1_0.id,b1_0.estado,b1_0.latitud,b1_0.longitud,b1_0.nombre,b1_0.tipo from brigada b1_0
Hibernate: select b1_0.id,b1_0.estado,b1_0.latitud,b1_0.longitud,b1_0.nombre,b1_0.tipo from brigada b1_0
Hibernate: select b1_0.id,b1_0.estado,b1_0.latitud,b1_0.longitud,b1_0.nombre,b1_0.tipo from brigada b1_0
Hibernate: select b1_0.id,b1_0.estado,b1_0.latitud,b1_0.longitud,b1_0.nombre,b1_0.tipo from brigada b1_0
Hibernate: select b1_0.id,b1_0.estado,b1_0.latitud,b1_0.longitud,b1_0.nombre,b1_0.tipo from brigada b1_0
Hibernate: select re1_0.id,re1_0.activo,re1_0.descripcion,re1_0.nombre,re1_0.trazado from ruta_evacuacion re1_0 where re1_0.activo
Hibernate: select zr1_0.id,zr1_0.activo,zr1_0.coordenadas,zr1_0.nivel_riesgo,zr1_0.nombre from zona_riesgo zr1_0 where zr1_0.activo
Hibernate: select re1_0.id,re1_0.activo,re1_0.descripcion,re1_0.nombre,re1_0.trazado from ruta_evacuacion re1_0 where re1_0.activo
Hibernate: select zr1_0.id,zr1_0.activo,zr1_0.coordenadas,zr1_0.nivel_riesgo,zr1_0.nombre from zona_riesgo zr1_0 where zr1_0.activo
Hibernate: select b1_0.id,b1_0.estado,b1_0.latitud,b1_0.longitud,b1_0.nombre,b1_0.tipo from brigada b1_0
Hibernate: select zr1_0.id,zr1_0.activo,zr1_0.coordenadas,zr1_0.nivel_riesgo,zr1_0.nombre from zona_riesgo zr1_0 where zr1_0.activo
Hibernate: select re1_0.id,re1_0.activo,re1_0.descripcion,re1_0.nombre,re1_0.trazado from ruta_evacuacion re1_0 where re1_0.activo
Hibernate: select b1_0.id,b1_0.estado,b1_0.latitud,b1_0.longitud,b1_0.nombre,b1_0.tipo from brigada b1_0
Hibernate: select zr1_0.id,zr1_0.activo,zr1_0.coordenadas,zr1_0.nivel_riesgo,zr1_0.nombre from zona_riesgo zr1_0 where zr1_0.activo
Hibernate: select re1_0.id,re1_0.activo,re1_0.descripcion,re1_0.nombre,re1_0.trazado from ruta_evacuacion re1_0 where re1_0.activo
Hibernate: select b1_0.id,b1_0.estado,b1_0.latitud,b1_0.longitud,b1_0.nombre,b1_0.tipo from brigada b1_0
Hibernate: select zr1_0.id,zr1_0.activo,zr1_0.coordenadas,zr1_0.nivel_riesgo,zr1_0.nombre from zona_riesgo zr1_0 where zr1_0.activo
Hibernate: select re1_0.id,re1_0.activo,re1_0.descripcion,re1_0.nombre,re1_0.trazado from ruta_evacuacion re1_0 where re1_0.activo
Hibernate: select b1_0.id,b1_0.estado,b1_0.latitud,b1_0.longitud,b1_0.nombre,b1_0.tipo from brigada b1_0
Hibernate: select zr1_0.id,zr1_0.activo,zr1_0.coordenadas,zr1_0.nivel_riesgo,zr1_0.nombre from zona_riesgo zr1_0 where zr1_0.activo
Hibernate: select re1_0.id,re1_0.activo,re1_0.descripcion,re1_0.nombre,re1_0.trazado from ruta_evacuacion re1_0 where re1_0.activo
Hibernate: select b1_0.id,b1_0.estado,b1_0.latitud,b1_0.longitud,b1_0.nombre,b1_0.tipo from brigada b1_0
Hibernate: select zr1_0.id,zr1_0.activo,zr1_0.coordenadas,zr1_0.nivel_riesgo,zr1_0.nombre from zona_riesgo zr1_0 where zr1_0.activo
Hibernate: select re1_0.id,re1_0.activo,re1_0.descripcion,re1_0.nombre,re1_0.trazado from ruta_evacuacion re1_0 where re1_0.activo
Hibernate: select b1_0.id,b1_0.estado,b1_0.latitud,b1_0.longitud,b1_0.nombre,b1_0.tipo from brigada b1_0
Hibernate: select zr1_0.id,zr1_0.activo,zr1_0.coordenadas,zr1_0.nivel_riesgo,zr1_0.nombre from zona_riesgo zr1_0 where zr1_0.activo
Hibernate: select re1_0.id,re1_0.activo,re1_0.descripcion,re1_0.nombre,re1_0.trazado from ruta_evacuacion re1_0 where re1_0.activo
Hibernate: select b1_0.id,b1_0.estado,b1_0.latitud,b1_0.longitud,b1_0.nombre,b1_0.tipo from brigada b1_0
Hibernate: select zr1_0.id,zr1_0.activo,zr1_0.coordenadas,zr1_0.nivel_riesgo,zr1_0.nombre from zona_riesgo zr1_0 where zr1_0.activo
Hibernate: select re1_0.id,re1_0.activo,re1_0.descripcion,re1_0.nombre,re1_0.trazado from ruta_evacuacion re1_0 where re1_0.activo
Hibernate: select b1_0.id,b1_0.estado,b1_0.latitud,b1_0.longitud,b1_0.nombre,b1_0.tipo from brigada b1_0
Hibernate: select zr1_0.id,zr1_0.activo,zr1_0.coordenadas,zr1_0.nivel_riesgo,zr1_0.nombre from zona_riesgo zr1_0 where zr1_0.activo
Hibernate: select re1_0.id,re1_0.activo,re1_0.descripcion,re1_0.nombre,re1_0.trazado from ruta_evacuacion re1_0 where re1_0.activo
Hibernate: select b1_0.id,b1_0.estado,b1_0.latitud,b1_0.longitud,b1_0.nombre,b1_0.tipo from brigada b1_0
Hibernate: select zr1_0.id,zr1_0.activo,zr1_0.coordenadas,zr1_0.nivel_riesgo,zr1_0.nombre from zona_riesgo zr1_0 where zr1_0.activo
Hibernate: select re1_0.id,re1_0.activo,re1_0.descripcion,re1_0.nombre,re1_0.trazado from ruta_evacuacion re1_0 where re1_0.activo
Hibernate: select b1_0.id,b1_0.estado,b1_0.latitud,b1_0.longitud,b1_0.nombre,b1_0.tipo from brigada b1_0
Hibernate: select zr1_0.id,zr1_0.activo,zr1_0.coordenadas,zr1_0.nivel_riesgo,zr1_0.nombre from zona_riesgo zr1_0 where zr1_0.activo
Hibernate: select re1_0.id,re1_0.activo,re1_0.descripcion,re1_0.nombre,re1_0.trazado from ruta_evacuacion re1_0 where re1_0.activo
Hibernate: select zr1_0.id,zr1_0.activo,zr1_0.coordenadas,zr1_0.nivel_riesgo,zr1_0.nombre from zona_riesgo zr1_0 where zr1_0.activo
Hibernate: select b1_0.id,b1_0.estado,b1_0.latitud,b1_0.longitud,b1_0.nombre,b1_0.tipo from brigada b1_0
Hibernate: select re1_0.id,re1_0.activo,re1_0.descripcion,re1_0.nombre,re1_0.trazado from ruta_evacuacion re1_0 where re1_0.activo
Hibernate: select b1_0.id,b1_0.estado,b1_0.latitud,b1_0.longitud,b1_0.nombre,b1_0.tipo from brigada b1_0
Hibernate: select b1_0.id,b1_0.estado,b1_0.latitud,b1_0.longitud,b1_0.nombre,b1_0.tipo from brigada b1_0
2026-05-23T13:29:04.872-04:00  WARN 148808 --- [ms-monitoreo] [l-1 housekeeper] com.zaxxer.hikari.pool.HikariPool        : HikariPool-1 - Thread starvation or clock leap detected (housekeeper delta=2m23s477ms349µs600ns).
