[INFO] Scanning for projects...
[WARNING] 
[WARNING] Some problems were encountered while building the effective model for cl.sifire:reportes:jar:0.0.1-SNAPSHOT
[WARNING] 'dependencies.dependency.(groupId:artifactId:type:classifier)' must be unique: org.springframework.boot:spring-boot-starter-test:jar -> duplicate declaration of version (?) @ line 73, column 13
[WARNING] 'parent.relativePath' of POM cl.sifire:reportes:0.0.1-SNAPSHOT (C:\Users\MatiDroid\Desktop\sifire\sifire-proyect\sifire_back\ms-reportes\pom.xml) points at cl.duoc.ser.sotoc:sifire-back-parent instead of org.springframework.boot:spring-boot-starter-parent, please verify your project structure @ line 5, column 13
[WARNING] 
[WARNING] It is highly recommended to fix these problems because they threaten the stability of your build.
[WARNING] 
[WARNING] For this reason, future Maven versions might no longer support building such malformed projects.
[WARNING] 
[INFO] 
[INFO] -------------------------< cl.sifire:reportes >-------------------------
[INFO] Building ms-reportes 0.0.1-SNAPSHOT
[INFO]   from pom.xml
[INFO] --------------------------------[ jar ]---------------------------------
[INFO] 
[INFO] >>> spring-boot:3.2.5:run (default-cli) > test-compile @ reportes >>>
[INFO] 
[INFO] --- resources:3.3.1:resources (default-resources) @ reportes ---
[INFO] Copying 1 resource from src\main\resources to target\classes
[INFO] Copying 1 resource from src\main\resources to target\classes
[INFO] 
[INFO] --- compiler:3.11.0:compile (default-compile) @ reportes ---
[INFO] Nothing to compile - all classes are up to date
[INFO] 
[INFO] --- resources:3.3.1:testResources (default-testResources) @ reportes ---
[INFO] Copying 1 resource from src\test\resources to target\test-classes
[INFO] 
[INFO] --- compiler:3.11.0:testCompile (default-testCompile) @ reportes ---
[INFO] Nothing to compile - all classes are up to date
[INFO] 
[INFO] <<< spring-boot:3.2.5:run (default-cli) < test-compile @ reportes <<<
[INFO] 
[INFO] 
[INFO] --- spring-boot:3.2.5:run (default-cli) @ reportes ---
[INFO] Attaching agents: []

  .   ____          _            __ _ _
 /\\ / ___'_ __ _ _(_)_ __  __ _ \ \ \ \
( ( )\___ | '_ | '_| | '_ \/ _` | \ \ \ \
 \\/  ___)| |_)| | | | | || (_| |  ) ) ) )
  '  |____| .__|_| |_|_| |_\__, | / / / /
 =========|_|==============|___/=/_/_/_/
 :: Spring Boot ::                (v3.2.5)

2026-05-23T11:31:37.345-04:00  INFO 148760 --- [ms-reportes] [           main] cl.sifire.reportes.ReportesApplication   : Starting ReportesApplication using Java 21.0.10 with PID 148760 (C:\Users\MatiDroid\Desktop\sifire\sifire-proyect\sifire_back\ms-reportes\target\classes started by MatiDroid in C:\Users\MatiDroid\Desktop\sifire\sifire-proyect\sifire_back\ms-reportes)
2026-05-23T11:31:37.349-04:00  INFO 148760 --- [ms-reportes] [           main] cl.sifire.reportes.ReportesApplication   : No active profile set, falling back to 1 default profile: "default"
2026-05-23T11:31:38.480-04:00  INFO 148760 --- [ms-reportes] [           main] .s.d.r.c.RepositoryConfigurationDelegate : Bootstrapping Spring Data JPA repositories in DEFAULT mode.
2026-05-23T11:31:38.684-04:00  INFO 148760 --- [ms-reportes] [           main] .s.d.r.c.RepositoryConfigurationDelegate : Finished Spring Data repository scanning in 196 ms. Found 3 JPA repository interfaces.
2026-05-23T11:31:39.056-04:00  INFO 148760 --- [ms-reportes] [           main] o.s.cloud.context.scope.GenericScope     : BeanFactory id=dca7f9e5-242e-3e14-88a4-e4248d148945
2026-05-23T11:31:39.346-04:00  WARN 148760 --- [ms-reportes] [           main] trationDelegate$BeanPostProcessorChecker : Bean 'org.springframework.cloud.client.loadbalancer.LoadBalancerAutoConfiguration$DeferringLoadBalancerInterceptorConfig' of type [org.springframework.cloud.client.loadbalancer.LoadBalancerAutoConfiguration$DeferringLoadBalancerInterceptorConfig] is not eligible for getting processed by all BeanPostProcessors (for example: not eligible for auto-proxying). The currently created BeanPostProcessor [lbRestClientPostProcessor] is declared through a non-static factory method on that class; consider declaring it as static instead.
2026-05-23T11:31:39.350-04:00  WARN 148760 --- [ms-reportes] [           main] trationDelegate$BeanPostProcessorChecker : Bean 'deferringLoadBalancerInterceptor' of type [org.springframework.cloud.client.loadbalancer.DeferringLoadBalancerInterceptor] is not eligible for getting processed by all BeanPostProcessors (for example: not eligible for auto-proxying). Is this bean getting eagerly injected into a currently created BeanPostProcessor [lbRestClientPostProcessor]? Check the corresponding BeanPostProcessor declaration and its dependencies.
2026-05-23T11:31:39.758-04:00  INFO 148760 --- [ms-reportes] [           main] o.s.b.w.embedded.tomcat.TomcatWebServer  : Tomcat initialized with port 8082 (http)
2026-05-23T11:31:39.773-04:00  INFO 148760 --- [ms-reportes] [           main] o.apache.catalina.core.StandardService   : Starting service [Tomcat]
2026-05-23T11:31:39.775-04:00  INFO 148760 --- [ms-reportes] [           main] o.apache.catalina.core.StandardEngine    : Starting Servlet engine: [Apache Tomcat/10.1.20]
2026-05-23T11:31:39.870-04:00  INFO 148760 --- [ms-reportes] [           main] o.a.c.c.C.[Tomcat].[localhost].[/]       : Initializing Spring embedded WebApplicationContext
2026-05-23T11:31:39.870-04:00  INFO 148760 --- [ms-reportes] [           main] w.s.c.ServletWebServerApplicationContext : Root WebApplicationContext: initialization completed in 2469 ms
2026-05-23T11:31:40.036-04:00  INFO 148760 --- [ms-reportes] [           main] com.zaxxer.hikari.HikariDataSource       : HikariPool-1 - Starting...
2026-05-23T11:31:40.223-04:00  INFO 148760 --- [ms-reportes] [           main] com.zaxxer.hikari.pool.HikariPool        : HikariPool-1 - Added connection com.mysql.cj.jdbc.ConnectionImpl@15f2a43f
2026-05-23T11:31:40.225-04:00  INFO 148760 --- [ms-reportes] [           main] com.zaxxer.hikari.HikariDataSource       : HikariPool-1 - Start completed.
2026-05-23T11:31:40.318-04:00  INFO 148760 --- [ms-reportes] [           main] o.f.c.internal.license.VersionPrinter    : Flyway Community Edition 9.22.3 by Redgate
2026-05-23T11:31:40.318-04:00  INFO 148760 --- [ms-reportes] [           main] o.f.c.internal.license.VersionPrinter    : See release notes here: https://rd.gt/416ObMi
2026-05-23T11:31:40.318-04:00  INFO 148760 --- [ms-reportes] [           main] o.f.c.internal.license.VersionPrinter    : 
2026-05-23T11:31:40.377-04:00  INFO 148760 --- [ms-reportes] [           main] org.flywaydb.core.FlywayExecutor         : Database: jdbc:mysql://localhost:3306/sifire_reportes (MySQL 5.5)
2026-05-23T11:31:40.445-04:00  INFO 148760 --- [ms-reportes] [           main] o.f.core.internal.command.DbValidate     : Successfully validated 2 migrations (execution time 00:00.040s)
2026-05-23T11:31:40.457-04:00  INFO 148760 --- [ms-reportes] [           main] o.f.core.internal.command.DbMigrate      : Current version of schema `sifire_reportes`: 1
2026-05-23T11:31:40.461-04:00  INFO 148760 --- [ms-reportes] [           main] o.f.core.internal.command.DbMigrate      : Schema `sifire_reportes` is up to date. No migration necessary.
2026-05-23T11:31:40.597-04:00  INFO 148760 --- [ms-reportes] [           main] o.hibernate.jpa.internal.util.LogHelper  : HHH000204: Processing PersistenceUnitInfo [name: default]
2026-05-23T11:31:40.668-04:00  INFO 148760 --- [ms-reportes] [           main] org.hibernate.Version                    : HHH000412: Hibernate ORM core version 6.4.4.Final
2026-05-23T11:31:40.705-04:00  INFO 148760 --- [ms-reportes] [           main] o.h.c.internal.RegionFactoryInitiator    : HHH000026: Second-level cache disabled
2026-05-23T11:31:40.936-04:00  INFO 148760 --- [ms-reportes] [           main] o.s.o.j.p.SpringPersistenceUnitInfo      : No LoadTimeWeaver setup: ignoring JPA class transformer
2026-05-23T11:31:40.986-04:00  WARN 148760 --- [ms-reportes] [           main] org.hibernate.dialect.Dialect            : HHH000511: The 5.5.0 version for [org.hibernate.dialect.MySQLDialect] is no longer supported, hence certain features may not work properly. The minimum supported version is 8.0.0. Check the community dialects project for available legacy versions.
2026-05-23T11:31:40.991-04:00  WARN 148760 --- [ms-reportes] [           main] org.hibernate.orm.deprecation            : HHH90000025: MySQLDialect does not need to be specified explicitly using 'hibernate.dialect' (remove the property setting and it will be selected by default)
2026-05-23T11:31:41.877-04:00  INFO 148760 --- [ms-reportes] [           main] o.h.e.t.j.p.i.JtaPlatformInitiator       : HHH000489: No JTA platform available (set 'hibernate.transaction.jta.platform' to enable JTA platform integration)
2026-05-23T11:31:42.019-04:00  INFO 148760 --- [ms-reportes] [           main] j.LocalContainerEntityManagerFactoryBean : Initialized JPA EntityManagerFactory for persistence unit 'default'
2026-05-23T11:31:43.095-04:00  WARN 148760 --- [ms-reportes] [           main] JpaBaseConfiguration$JpaWebConfiguration : spring.jpa.open-in-view is enabled by default. Therefore, database queries may be performed during view rendering. Explicitly configure spring.jpa.open-in-view to disable this warning
2026-05-23T11:31:44.370-04:00  INFO 148760 --- [ms-reportes] [           main] DiscoveryClientOptionalArgsConfiguration : Eureka HTTP Client uses RestTemplate.
2026-05-23T11:31:44.474-04:00  WARN 148760 --- [ms-reportes] [           main] iguration$LoadBalancerCaffeineWarnLogger : Spring Cloud LoadBalancer is currently working with the default cache. While this cache implementation is useful for development and tests, it's recommended to use Caffeine cache in production.You can switch to using Caffeine cache, by adding it and org.springframework.cache.caffeine.CaffeineCacheManager to the classpath.
2026-05-23T11:31:44.519-04:00  INFO 148760 --- [ms-reportes] [           main] o.s.b.w.embedded.tomcat.TomcatWebServer  : Tomcat started on port 8082 (http) with context path ''
2026-05-23T11:31:44.534-04:00  INFO 148760 --- [ms-reportes] [           main] cl.sifire.reportes.ReportesApplication   : Started ReportesApplication in 7.773 seconds (process running for 8.36)
2026-05-23T11:38:27.222-04:00  INFO 148760 --- [ms-reportes] [nio-8082-exec-1] o.a.c.c.C.[Tomcat].[localhost].[/]       : Initializing Spring DispatcherServlet 'dispatcherServlet'
2026-05-23T11:38:27.223-04:00  INFO 148760 --- [ms-reportes] [nio-8082-exec-1] o.s.web.servlet.DispatcherServlet        : Initializing Servlet 'dispatcherServlet'
2026-05-23T11:38:27.225-04:00  INFO 148760 --- [ms-reportes] [nio-8082-exec-1] o.s.web.servlet.DispatcherServlet        : Completed initialization in 2 ms
Hibernate: select ri1_0.id,ri1_0.comuna,ri1_0.descripcion,ri1_0.estado,ri1_0.fecha_actualizacion,ri1_0.fecha_creacion,ri1_0.latitud,ri1_0.longitud,ri1_0.nivel_riesgo,ri1_0.tipo_reportante,ri1_0.titulo,ri1_0.usuario_id from reporte_incendio ri1_0
Hibernate: select m1_0.reporte_id,m1_0.id,m1_0.fecha_subida,m1_0.tipo_archivo,m1_0.url_archivo from reporte_multimedia m1_0 where m1_0.reporte_id=?
Hibernate: select m1_0.reporte_id,m1_0.id,m1_0.fecha_subida,m1_0.tipo_archivo,m1_0.url_archivo from reporte_multimedia m1_0 where m1_0.reporte_id=?
Hibernate: select ri1_0.id,ri1_0.comuna,ri1_0.descripcion,ri1_0.estado,ri1_0.fecha_actualizacion,ri1_0.fecha_creacion,ri1_0.latitud,ri1_0.longitud,ri1_0.nivel_riesgo,ri1_0.tipo_reportante,ri1_0.titulo,ri1_0.usuario_id from reporte_incendio ri1_0
Hibernate: select m1_0.reporte_id,m1_0.id,m1_0.fecha_subida,m1_0.tipo_archivo,m1_0.url_archivo from reporte_multimedia m1_0 where m1_0.reporte_id=?
Hibernate: select m1_0.reporte_id,m1_0.id,m1_0.fecha_subida,m1_0.tipo_archivo,m1_0.url_archivo from reporte_multimedia m1_0 where m1_0.reporte_id=?
Hibernate: select ri1_0.id,ri1_0.comuna,ri1_0.descripcion,ri1_0.estado,ri1_0.fecha_actualizacion,ri1_0.fecha_creacion,ri1_0.latitud,ri1_0.longitud,ri1_0.nivel_riesgo,ri1_0.tipo_reportante,ri1_0.titulo,ri1_0.usuario_id from reporte_incendio ri1_0
Hibernate: select m1_0.reporte_id,m1_0.id,m1_0.fecha_subida,m1_0.tipo_archivo,m1_0.url_archivo from reporte_multimedia m1_0 where m1_0.reporte_id=?
Hibernate: select m1_0.reporte_id,m1_0.id,m1_0.fecha_subida,m1_0.tipo_archivo,m1_0.url_archivo from reporte_multimedia m1_0 where m1_0.reporte_id=?
Hibernate: select ri1_0.id,ri1_0.comuna,ri1_0.descripcion,ri1_0.estado,ri1_0.fecha_actualizacion,ri1_0.fecha_creacion,ri1_0.latitud,ri1_0.longitud,ri1_0.nivel_riesgo,ri1_0.tipo_reportante,ri1_0.titulo,ri1_0.usuario_id from reporte_incendio ri1_0
Hibernate: select m1_0.reporte_id,m1_0.id,m1_0.fecha_subida,m1_0.tipo_archivo,m1_0.url_archivo from reporte_multimedia m1_0 where m1_0.reporte_id=?
Hibernate: select m1_0.reporte_id,m1_0.id,m1_0.fecha_subida,m1_0.tipo_archivo,m1_0.url_archivo from reporte_multimedia m1_0 where m1_0.reporte_id=?
Hibernate: select ri1_0.id,ri1_0.comuna,ri1_0.descripcion,ri1_0.estado,ri1_0.fecha_actualizacion,ri1_0.fecha_creacion,ri1_0.latitud,ri1_0.longitud,ri1_0.nivel_riesgo,ri1_0.tipo_reportante,ri1_0.titulo,ri1_0.usuario_id from reporte_incendio ri1_0
Hibernate: select m1_0.reporte_id,m1_0.id,m1_0.fecha_subida,m1_0.tipo_archivo,m1_0.url_archivo from reporte_multimedia m1_0 where m1_0.reporte_id=?
Hibernate: select m1_0.reporte_id,m1_0.id,m1_0.fecha_subida,m1_0.tipo_archivo,m1_0.url_archivo from reporte_multimedia m1_0 where m1_0.reporte_id=?
Hibernate: select ri1_0.id,ri1_0.comuna,ri1_0.descripcion,ri1_0.estado,ri1_0.fecha_actualizacion,ri1_0.fecha_creacion,ri1_0.latitud,ri1_0.longitud,ri1_0.nivel_riesgo,ri1_0.tipo_reportante,ri1_0.titulo,ri1_0.usuario_id from reporte_incendio ri1_0
Hibernate: select m1_0.reporte_id,m1_0.id,m1_0.fecha_subida,m1_0.tipo_archivo,m1_0.url_archivo from reporte_multimedia m1_0 where m1_0.reporte_id=?
Hibernate: select m1_0.reporte_id,m1_0.id,m1_0.fecha_subida,m1_0.tipo_archivo,m1_0.url_archivo from reporte_multimedia m1_0 where m1_0.reporte_id=?
Hibernate: select ri1_0.id,ri1_0.comuna,ri1_0.descripcion,ri1_0.estado,ri1_0.fecha_actualizacion,ri1_0.fecha_creacion,ri1_0.latitud,ri1_0.longitud,ri1_0.nivel_riesgo,ri1_0.tipo_reportante,ri1_0.titulo,ri1_0.usuario_id from reporte_incendio ri1_0
Hibernate: select m1_0.reporte_id,m1_0.id,m1_0.fecha_subida,m1_0.tipo_archivo,m1_0.url_archivo from reporte_multimedia m1_0 where m1_0.reporte_id=?
Hibernate: select m1_0.reporte_id,m1_0.id,m1_0.fecha_subida,m1_0.tipo_archivo,m1_0.url_archivo from reporte_multimedia m1_0 where m1_0.reporte_id=?
Hibernate: select ri1_0.id,ri1_0.comuna,ri1_0.descripcion,ri1_0.estado,ri1_0.fecha_actualizacion,ri1_0.fecha_creacion,ri1_0.latitud,ri1_0.longitud,ri1_0.nivel_riesgo,ri1_0.tipo_reportante,ri1_0.titulo,ri1_0.usuario_id from reporte_incendio ri1_0
Hibernate: select m1_0.reporte_id,m1_0.id,m1_0.fecha_subida,m1_0.tipo_archivo,m1_0.url_archivo from reporte_multimedia m1_0 where m1_0.reporte_id=?
Hibernate: select m1_0.reporte_id,m1_0.id,m1_0.fecha_subida,m1_0.tipo_archivo,m1_0.url_archivo from reporte_multimedia m1_0 where m1_0.reporte_id=?
Hibernate: select ri1_0.id,ri1_0.comuna,ri1_0.descripcion,ri1_0.estado,ri1_0.fecha_actualizacion,ri1_0.fecha_creacion,ri1_0.latitud,ri1_0.longitud,ri1_0.nivel_riesgo,ri1_0.tipo_reportante,ri1_0.titulo,ri1_0.usuario_id from reporte_incendio ri1_0
Hibernate: select m1_0.reporte_id,m1_0.id,m1_0.fecha_subida,m1_0.tipo_archivo,m1_0.url_archivo from reporte_multimedia m1_0 where m1_0.reporte_id=?
Hibernate: select m1_0.reporte_id,m1_0.id,m1_0.fecha_subida,m1_0.tipo_archivo,m1_0.url_archivo from reporte_multimedia m1_0 where m1_0.reporte_id=?
Hibernate: select ri1_0.id,ri1_0.comuna,ri1_0.descripcion,ri1_0.estado,ri1_0.fecha_actualizacion,ri1_0.fecha_creacion,ri1_0.latitud,ri1_0.longitud,ri1_0.nivel_riesgo,ri1_0.tipo_reportante,ri1_0.titulo,ri1_0.usuario_id from reporte_incendio ri1_0
Hibernate: select m1_0.reporte_id,m1_0.id,m1_0.fecha_subida,m1_0.tipo_archivo,m1_0.url_archivo from reporte_multimedia m1_0 where m1_0.reporte_id=?
Hibernate: select m1_0.reporte_id,m1_0.id,m1_0.fecha_subida,m1_0.tipo_archivo,m1_0.url_archivo from reporte_multimedia m1_0 where m1_0.reporte_id=?
Hibernate: select ri1_0.id,ri1_0.comuna,ri1_0.descripcion,ri1_0.estado,ri1_0.fecha_actualizacion,ri1_0.fecha_creacion,ri1_0.latitud,ri1_0.longitud,ri1_0.nivel_riesgo,ri1_0.tipo_reportante,ri1_0.titulo,ri1_0.usuario_id from reporte_incendio ri1_0
Hibernate: select m1_0.reporte_id,m1_0.id,m1_0.fecha_subida,m1_0.tipo_archivo,m1_0.url_archivo from reporte_multimedia m1_0 where m1_0.reporte_id=?
Hibernate: select m1_0.reporte_id,m1_0.id,m1_0.fecha_subida,m1_0.tipo_archivo,m1_0.url_archivo from reporte_multimedia m1_0 where m1_0.reporte_id=?
Hibernate: select ri1_0.id,ri1_0.comuna,ri1_0.descripcion,ri1_0.estado,ri1_0.fecha_actualizacion,ri1_0.fecha_creacion,ri1_0.latitud,ri1_0.longitud,ri1_0.nivel_riesgo,ri1_0.tipo_reportante,ri1_0.titulo,ri1_0.usuario_id from reporte_incendio ri1_0
Hibernate: select m1_0.reporte_id,m1_0.id,m1_0.fecha_subida,m1_0.tipo_archivo,m1_0.url_archivo from reporte_multimedia m1_0 where m1_0.reporte_id=?
Hibernate: select m1_0.reporte_id,m1_0.id,m1_0.fecha_subida,m1_0.tipo_archivo,m1_0.url_archivo from reporte_multimedia m1_0 where m1_0.reporte_id=?
Hibernate: select ri1_0.id,ri1_0.comuna,ri1_0.descripcion,ri1_0.estado,ri1_0.fecha_actualizacion,ri1_0.fecha_creacion,ri1_0.latitud,ri1_0.longitud,ri1_0.nivel_riesgo,ri1_0.tipo_reportante,ri1_0.titulo,ri1_0.usuario_id from reporte_incendio ri1_0
Hibernate: select m1_0.reporte_id,m1_0.id,m1_0.fecha_subida,m1_0.tipo_archivo,m1_0.url_archivo from reporte_multimedia m1_0 where m1_0.reporte_id=?
Hibernate: select m1_0.reporte_id,m1_0.id,m1_0.fecha_subida,m1_0.tipo_archivo,m1_0.url_archivo from reporte_multimedia m1_0 where m1_0.reporte_id=?
Hibernate: select ri1_0.id,ri1_0.comuna,ri1_0.descripcion,ri1_0.estado,ri1_0.fecha_actualizacion,ri1_0.fecha_creacion,ri1_0.latitud,ri1_0.longitud,ri1_0.nivel_riesgo,ri1_0.tipo_reportante,ri1_0.titulo,ri1_0.usuario_id from reporte_incendio ri1_0
Hibernate: select m1_0.reporte_id,m1_0.id,m1_0.fecha_subida,m1_0.tipo_archivo,m1_0.url_archivo from reporte_multimedia m1_0 where m1_0.reporte_id=?
Hibernate: select m1_0.reporte_id,m1_0.id,m1_0.fecha_subida,m1_0.tipo_archivo,m1_0.url_archivo from reporte_multimedia m1_0 where m1_0.reporte_id=?
Hibernate: select ri1_0.id,ri1_0.comuna,ri1_0.descripcion,ri1_0.estado,ri1_0.fecha_actualizacion,ri1_0.fecha_creacion,ri1_0.latitud,ri1_0.longitud,ri1_0.nivel_riesgo,ri1_0.tipo_reportante,ri1_0.titulo,ri1_0.usuario_id from reporte_incendio ri1_0
Hibernate: select m1_0.reporte_id,m1_0.id,m1_0.fecha_subida,m1_0.tipo_archivo,m1_0.url_archivo from reporte_multimedia m1_0 where m1_0.reporte_id=?
Hibernate: select m1_0.reporte_id,m1_0.id,m1_0.fecha_subida,m1_0.tipo_archivo,m1_0.url_archivo from reporte_multimedia m1_0 where m1_0.reporte_id=?
Hibernate: select ri1_0.id,ri1_0.comuna,ri1_0.descripcion,ri1_0.estado,ri1_0.fecha_actualizacion,ri1_0.fecha_creacion,ri1_0.latitud,ri1_0.longitud,ri1_0.nivel_riesgo,ri1_0.tipo_reportante,ri1_0.titulo,ri1_0.usuario_id from reporte_incendio ri1_0
Hibernate: select m1_0.reporte_id,m1_0.id,m1_0.fecha_subida,m1_0.tipo_archivo,m1_0.url_archivo from reporte_multimedia m1_0 where m1_0.reporte_id=?
Hibernate: select m1_0.reporte_id,m1_0.id,m1_0.fecha_subida,m1_0.tipo_archivo,m1_0.url_archivo from reporte_multimedia m1_0 where m1_0.reporte_id=?
Hibernate: select ri1_0.id,ri1_0.comuna,ri1_0.descripcion,ri1_0.estado,ri1_0.fecha_actualizacion,ri1_0.fecha_creacion,ri1_0.latitud,ri1_0.longitud,ri1_0.nivel_riesgo,ri1_0.tipo_reportante,ri1_0.titulo,ri1_0.usuario_id from reporte_incendio ri1_0
Hibernate: select m1_0.reporte_id,m1_0.id,m1_0.fecha_subida,m1_0.tipo_archivo,m1_0.url_archivo from reporte_multimedia m1_0 where m1_0.reporte_id=?
Hibernate: select m1_0.reporte_id,m1_0.id,m1_0.fecha_subida,m1_0.tipo_archivo,m1_0.url_archivo from reporte_multimedia m1_0 where m1_0.reporte_id=?
Hibernate: select ri1_0.id,ri1_0.comuna,ri1_0.descripcion,ri1_0.estado,ri1_0.fecha_actualizacion,ri1_0.fecha_creacion,ri1_0.latitud,ri1_0.longitud,ri1_0.nivel_riesgo,ri1_0.tipo_reportante,ri1_0.titulo,ri1_0.usuario_id from reporte_incendio ri1_0
Hibernate: select m1_0.reporte_id,m1_0.id,m1_0.fecha_subida,m1_0.tipo_archivo,m1_0.url_archivo from reporte_multimedia m1_0 where m1_0.reporte_id=?
Hibernate: select m1_0.reporte_id,m1_0.id,m1_0.fecha_subida,m1_0.tipo_archivo,m1_0.url_archivo from reporte_multimedia m1_0 where m1_0.reporte_id=?
Hibernate: select ri1_0.id,ri1_0.comuna,ri1_0.descripcion,ri1_0.estado,ri1_0.fecha_actualizacion,ri1_0.fecha_creacion,ri1_0.latitud,ri1_0.longitud,ri1_0.nivel_riesgo,ri1_0.tipo_reportante,ri1_0.titulo,ri1_0.usuario_id from reporte_incendio ri1_0
Hibernate: select m1_0.reporte_id,m1_0.id,m1_0.fecha_subida,m1_0.tipo_archivo,m1_0.url_archivo from reporte_multimedia m1_0 where m1_0.reporte_id=?
Hibernate: select m1_0.reporte_id,m1_0.id,m1_0.fecha_subida,m1_0.tipo_archivo,m1_0.url_archivo from reporte_multimedia m1_0 where m1_0.reporte_id=?
Hibernate: select ri1_0.id,ri1_0.comuna,ri1_0.descripcion,ri1_0.estado,ri1_0.fecha_actualizacion,ri1_0.fecha_creacion,ri1_0.latitud,ri1_0.longitud,ri1_0.nivel_riesgo,ri1_0.tipo_reportante,ri1_0.titulo,ri1_0.usuario_id from reporte_incendio ri1_0
Hibernate: select m1_0.reporte_id,m1_0.id,m1_0.fecha_subida,m1_0.tipo_archivo,m1_0.url_archivo from reporte_multimedia m1_0 where m1_0.reporte_id=?
Hibernate: select m1_0.reporte_id,m1_0.id,m1_0.fecha_subida,m1_0.tipo_archivo,m1_0.url_archivo from reporte_multimedia m1_0 where m1_0.reporte_id=?
Hibernate: select ri1_0.id,ri1_0.comuna,ri1_0.descripcion,ri1_0.estado,ri1_0.fecha_actualizacion,ri1_0.fecha_creacion,ri1_0.latitud,ri1_0.longitud,ri1_0.nivel_riesgo,ri1_0.tipo_reportante,ri1_0.titulo,ri1_0.usuario_id from reporte_incendio ri1_0
Hibernate: select m1_0.reporte_id,m1_0.id,m1_0.fecha_subida,m1_0.tipo_archivo,m1_0.url_archivo from reporte_multimedia m1_0 where m1_0.reporte_id=?
Hibernate: select m1_0.reporte_id,m1_0.id,m1_0.fecha_subida,m1_0.tipo_archivo,m1_0.url_archivo from reporte_multimedia m1_0 where m1_0.reporte_id=?
2026-05-23T13:29:04.870-04:00  WARN 148760 --- [ms-reportes] [l-1 housekeeper] com.zaxxer.hikari.pool.HikariPool        : HikariPool-1 - Thread starvation or clock leap detected (housekeeper delta=2m23s477ms102µs700ns).
